# JRE version: Java(TM) SE Runtime Environment (8.0_72-b15) (build 1.8.0_72-b15)
# Java VM: Java HotSpot(TM) 64-Bit Server VM (25.72-b15 mixed mode linux-amd64 compressed oops)
Heap:
 PSYoungGen      total 237568K, used 22154K [0x00000000eab00000, 0x0000000100000000, 0x0000000100000000)
  eden space 121344K, 0% used [0x00000000eab00000,0x00000000eab00000,0x00000000f2180000)
  from space 116224K, 19% used [0x00000000f8e80000,0x00000000fa422928,0x0000000100000000)
  to   space 111616K, 0% used [0x00000000f2180000,0x00000000f2180000,0x00000000f8e80000)
 ParOldGen       total 310272K, used 309865K [0x00000000c0000000, 0x00000000d2f00000, 0x00000000eab00000)
  object space 310272K, 99% used [0x00000000c0000000,0x00000000d2e9a5a8,0x00000000d2f00000)
 Metaspace       used 6577K, capacity 7320K, committed 7680K, reserved 1056768K
  class space    used 616K, capacity 656K, committed 768K, reserved 1048576K
GC Heap History (10 events):
Event: 41,299 GC heap after
Heap after GC invocations=17 (full 3):
 PSYoungGen      total 244224K, used 48424K [0x00000000eab00000, 0x0000000100000000, 0x0000000100000000)
  eden space 171008K, 0% used [0x00000000eab00000,0x00000000eab00000,0x00000000f5200000)
  from space 73216K, 66% used [0x00000000fb880000,0x00000000fe7ca020,0x0000000100000000)
  to   space 89088K, 0% used [0x00000000f5200000,0x00000000f5200000,0x00000000fa900000)
 ParOldGen       total 310272K, used 197506K [0x00000000c0000000, 0x00000000d2f00000, 0x00000000eab00000)
  object space 310272K, 63% used [0x00000000c0000000,0x00000000cc0e08b8,0x00000000d2f00000)
 Metaspace       used 6570K, capacity 7320K, committed 7680K, reserved 1056768K
  class space    used 616K, capacity 656K, committed 768K, reserved 1048576K
}
Event: 42,730 GC heap before
{Heap before GC invocations=18 (full 3):
 PSYoungGen      total 244224K, used 219432K [0x00000000eab00000, 0x0000000100000000, 0x0000000100000000)
  eden space 171008K, 100% used [0x00000000eab00000,0x00000000f5200000,0x00000000f5200000)
  from space 73216K, 66% used [0x00000000fb880000,0x00000000fe7ca020,0x0000000100000000)
  to   space 89088K, 0% used [0x00000000f5200000,0x00000000f5200000,0x00000000fa900000)
 ParOldGen       total 310272K, used 197506K [0x00000000c0000000, 0x00000000d2f00000, 0x00000000eab00000)
  object space 310272K, 63% used [0x00000000c0000000,0x00000000cc0e08b8,0x00000000d2f00000)
 Metaspace       used 6573K, capacity 7320K, committed 7680K, reserved 1056768K
  class space    used 616K, capacity 656K, committed 768K, reserved 1048576K
Event: 43,154 GC heap after
Heap after GC invocations=18 (full 3):
 PSYoungGen      total 244224K, used 72864K [0x00000000eab00000, 0x0000000100000000, 0x0000000100000000)
  eden space 171008K, 0% used [0x00000000eab00000,0x00000000eab00000,0x00000000f5200000)
  from space 73216K, 99% used [0x00000000f5200000,0x00000000f99282e0,0x00000000f9980000)
  to   space 97792K, 0% used [0x00000000fa080000,0x00000000fa080000,0x0000000100000000)
 ParOldGen       total 310272K, used 197514K [0x00000000c0000000, 0x00000000d2f00000, 0x00000000eab00000)
  object space 310272K, 63% used [0x00000000c0000000,0x00000000cc0e28b8,0x00000000d2f00000)
 Metaspace       used 6573K, capacity 7320K, committed 7680K, reserved 1056768K
  class space    used 616K, capacity 656K, committed 768K, reserved 1048576K
}
Event: 44,517 GC heap before
{Heap before GC invocations=19 (full 3):
 PSYoungGen      total 244224K, used 243872K [0x00000000eab00000, 0x0000000100000000, 0x0000000100000000)
  eden space 171008K, 100% used [0x00000000eab00000,0x00000000f5200000,0x00000000f5200000)
  from space 73216K, 99% used [0x00000000f5200000,0x00000000f99282e0,0x00000000f9980000)
  to   space 97792K, 0% used [0x00000000fa080000,0x00000000fa080000,0x0000000100000000)
 ParOldGen       total 310272K, used 197514K [0x00000000c0000000, 0x00000000d2f00000, 0x00000000eab00000)
  object space 310272K, 63% used [0x00000000c0000000,0x00000000cc0e28b8,0x00000000d2f00000)
 Metaspace       used 6574K, capacity 7320K, committed 7680K, reserved 1056768K
  class space    used 616K, capacity 656K, committed 768K, reserved 1048576K
Event: 44,801 GC heap after
Heap after GC invocations=19 (full 3):
 PSYoungGen      total 218624K, used 97775K [0x00000000eab00000, 0x0000000100000000, 0x0000000100000000)
  eden space 120832K, 0% used [0x00000000eab00000,0x00000000eab00000,0x00000000f2100000)
  from space 97792K, 99% used [0x00000000fa080000,0x00000000ffffbee0,0x0000000100000000)
  to   space 114176K, 0% used [0x00000000f2100000,0x00000000f2100000,0x00000000f9080000)
 ParOldGen       total 310272K, used 199343K [0x00000000c0000000, 0x00000000d2f00000, 0x00000000eab00000)
  object space 310272K, 64% used [0x00000000c0000000,0x00000000cc2abcc0,0x00000000d2f00000)
 Metaspace       used 6574K, capacity 7320K, committed 7680K, reserved 1056768K
  class space    used 616K, capacity 656K, committed 768K, reserved 1048576K
}
Event: 45,734 GC heap before
{Heap before GC invocations=20 (full 3):
 PSYoungGen      total 218624K, used 218607K [0x00000000eab00000, 0x0000000100000000, 0x0000000100000000)
  eden space 120832K, 100% used [0x00000000eab00000,0x00000000f2100000,0x00000000f2100000)
  from space 97792K, 99% used [0x00000000fa080000,0x00000000ffffbee0,0x0000000100000000)
  to   space 114176K, 0% used [0x00000000f2100000,0x00000000f2100000,0x00000000f9080000)
 ParOldGen       total 310272K, used 199343K [0x00000000c0000000, 0x00000000d2f00000, 0x00000000eab00000)
  object space 310272K, 64% used [0x00000000c0000000,0x00000000cc2abcc0,0x00000000d2f00000)
 Metaspace       used 6576K, capacity 7320K, committed 7680K, reserved 1056768K
  class space    used 616K, capacity 656K, committed 768K, reserved 1048576K
Event: 46,160 GC heap after
Heap after GC invocations=20 (full 3):
 PSYoungGen      total 192000K, used 71048K [0x00000000eab00000, 0x0000000100000000, 0x0000000100000000)
  eden space 120832K, 0% used [0x00000000eab00000,0x00000000eab00000,0x00000000f2100000)
  from space 71168K, 99% used [0x00000000f2100000,0x00000000f6662060,0x00000000f6680000)
  to   space 116224K, 0% used [0x00000000f8e80000,0x00000000f8e80000,0x0000000100000000)
 ParOldGen       total 310272K, used 246520K [0x00000000c0000000, 0x00000000d2f00000, 0x00000000eab00000)
  object space 310272K, 79% used [0x00000000c0000000,0x00000000cf0be028,0x00000000d2f00000)
 Metaspace       used 6576K, capacity 7320K, committed 7680K, reserved 1056768K
  class space    used 616K, capacity 656K, committed 768K, reserved 1048576K
}
Event: 50,284 GC heap before
{Heap before GC invocations=21 (full 3):
 PSYoungGen      total 192000K, used 191880K [0x00000000eab00000, 0x0000000100000000, 0x0000000100000000)
  eden space 120832K, 100% used [0x00000000eab00000,0x00000000f2100000,0x00000000f2100000)
  from space 71168K, 99% used [0x00000000f2100000,0x00000000f6662060,0x00000000f6680000)
  to   space 116224K, 0% used [0x00000000f8e80000,0x00000000f8e80000,0x0000000100000000)
 ParOldGen       total 310272K, used 246520K [0x00000000c0000000, 0x00000000d2f00000, 0x00000000eab00000)
  object space 310272K, 79% used [0x00000000c0000000,0x00000000cf0be028,0x00000000d2f00000)
 Metaspace       used 6577K, capacity 7320K, committed 7680K, reserved 1056768K
  class space    used 616K, capacity 656K, committed 768K, reserved 1048576K
Event: 50,561 GC heap after
Heap after GC invocations=21 (full 3):
 PSYoungGen      total 237568K, used 38176K [0x00000000eab00000, 0x0000000100000000, 0x0000000100000000)
  eden space 121344K, 0% used [0x00000000eab00000,0x00000000eab00000,0x00000000f2180000)
  from space 116224K, 32% used [0x00000000f8e80000,0x00000000fb3c8010,0x0000000100000000)
  to   space 111616K, 0% used [0x00000000f2180000,0x00000000f2180000,0x00000000f8e80000)
 ParOldGen       total 310272K, used 297621K [0x00000000c0000000, 0x00000000d2f00000, 0x00000000eab00000)
  object space 310272K, 95% used [0x00000000c0000000,0x00000000d22a5630,0x00000000d2f00000)
 Metaspace       used 6577K, capacity 7320K, committed 7680K, reserved 1056768K
  class space    used 616K, capacity 656K, committed 768K, reserved 1048576K
}
Event: 50,561 GC heap before
{Heap before GC invocations=22 (full 4):
 PSYoungGen      total 237568K, used 38176K [0x00000000eab00000, 0x0000000100000000, 0x0000000100000000)
  eden space 121344K, 0% used [0x00000000eab00000,0x00000000eab00000,0x00000000f2180000)
  from space 116224K, 32% used [0x00000000f8e80000,0x00000000fb3c8010,0x0000000100000000)
  to   space 111616K, 0% used [0x00000000f2180000,0x00000000f2180000,0x00000000f8e80000)
 ParOldGen       total 310272K, used 297621K [0x00000000c0000000, 0x00000000d2f00000, 0x00000000eab00000)
  object space 310272K, 95% used [0x00000000c0000000,0x00000000d22a5630,0x00000000d2f00000)
 Metaspace       used 6577K, capacity 7320K, committed 7680K, reserved 1056768K
  class space    used 616K, capacity 656K, committed 768K, reserved 1048576K

